android/app/build/intermediates/manifest_merge_blame_file/debug/processDebugMainManifest/manifest-merger-blame-debug-report.txt
1<?xml version="1.0" encoding="utf-8"?>
2<manifest xmlns:android="http://schemas.android.com/apk/res/android"
3    package="com.tomioka.game"
4    android:versionCode="1"
5    android:versionName="1.0" >
6
7    <uses-sdk
8        android:minSdkVersion="23"
9        android:targetSdkVersion="34" />
10
11    <application
11-->src/main/AndroidManifest.xml:4:5-24:19
12        android:debuggable="true"
13        android:extractNativeLibs="false"
14        android:hardwareAccelerated="true"
14-->src/main/AndroidManifest.xml:9:9-43
15        android:icon="@drawable/tomioka_icon"
15-->src/main/AndroidManifest.xml:5:9-46
16        android:label="Tomioka"
16-->src/main/AndroidManifest.xml:8:9-32
17        android:resizeableActivity="false"
17-->src/main/AndroidManifest.xml:10:9-43
18        android:roundIcon="@drawable/tomioka_icon"
18-->src/main/AndroidManifest.xml:6:9-51
19        android:theme="@style/AppTheme" >
19-->src/main/AndroidManifest.xml:7:9-40
20        <activity
20-->src/main/AndroidManifest.xml:12:9-22:20
21            android:name="com.tomioka.game.MainActivity"
21-->src/main/AndroidManifest.xml:13:13-41
22            android:exported="true"
22-->src/main/AndroidManifest.xml:15:13-36
23            android:screenOrientation="landscape" >
23-->src/main/AndroidManifest.xml:14:13-50
24            <intent-filter>
24-->src/main/AndroidManifest.xml:17:13-20:29
25                <action android:name="android.intent.action.MAIN" />
25-->src/main/AndroidManifest.xml:18:17-69
25-->src/main/AndroidManifest.xml:18:25-66
26
27                <category android:name="android.intent.category.LAUNCHER" />
27-->src/main/AndroidManifest.xml:19:17-77
27-->src/main/AndroidManifest.xml:19:27-74
28            </intent-filter>
29        </activity>
30    </application>
31
32</manifest>